<?xml version="1.0" encoding="UTF-8"?>
<coverage generated="1709663619325" clover="3.2.0">
  <project timestamp="1709663619325" name="All files">
    <metrics statements="44" coveredstatements="44" conditionals="22" coveredconditionals="21" methods="12" coveredmethods="12" elements="78" coveredelements="77" complexity="0" loc="44" ncloc="44" packages="1" files="1" classes="1"/>
    <file name="graph.js" path="/Users/brianca/Desktop/Computer_Science/src/graph.js">
      <metrics statements="44" coveredstatements="44" conditionals="22" coveredconditionals="21" methods="12" coveredmethods="12"/>
      <line num="3" count="11" type="stmt"/>
      <line num="7" count="27" type="stmt"/>
      <line num="11" count="3" type="cond" truecount="2" falsecount="0"/>
      <line num="12" count="1" type="stmt"/>
      <line num="14" count="2" type="stmt"/>
      <line num="18" count="18" type="stmt"/>
      <line num="19" count="18" type="stmt"/>
      <line num="23" count="5" type="cond" truecount="2" falsecount="0"/>
      <line num="24" count="1" type="stmt"/>
      <line num="26" count="4" type="stmt"/>
      <line num="30" count="1" type="stmt"/>
      <line num="31" count="1" type="stmt"/>
      <line num="35" count="1" type="cond" truecount="1" falsecount="1"/>
      <line num="36" count="1" type="stmt"/>
      <line num="37" count="2" type="stmt"/>
      <line num="39" count="1" type="stmt"/>
      <line num="44" count="4" type="cond" truecount="4" falsecount="0"/>
      <line num="45" count="2" type="stmt"/>
      <line num="47" count="2" type="stmt"/>
      <line num="48" count="2" type="stmt"/>
      <line num="49" count="2" type="stmt"/>
      <line num="50" count="13" type="stmt"/>
      <line num="51" count="13" type="cond" truecount="2" falsecount="0"/>
      <line num="52" count="1" type="stmt"/>
      <line num="54" count="12" type="stmt"/>
      <line num="55" count="12" type="stmt"/>
      <line num="56" count="12" type="stmt"/>
      <line num="57" count="25" type="cond" truecount="2" falsecount="0"/>
      <line num="58" count="12" type="stmt"/>
      <line num="63" count="1" type="stmt"/>
      <line num="67" count="4" type="cond" truecount="4" falsecount="0"/>
      <line num="68" count="2" type="stmt"/>
      <line num="70" count="2" type="stmt"/>
      <line num="71" count="2" type="stmt"/>
      <line num="72" count="2" type="stmt"/>
      <line num="73" count="11" type="stmt"/>
      <line num="74" count="11" type="cond" truecount="2" falsecount="0"/>
      <line num="75" count="1" type="stmt"/>
      <line num="77" count="10" type="stmt"/>
      <line num="78" count="10" type="stmt"/>
      <line num="79" count="10" type="stmt"/>
      <line num="80" count="21" type="cond" truecount="2" falsecount="0"/>
      <line num="81" count="11" type="stmt"/>
      <line num="86" count="1" type="stmt"/>
    </file>
  </project>
</coverage>
