TN:
SF:/Users/brianca/Desktop/Computer_Science/src/graph.js
FN:2,(anonymous_0)
FN:6,(anonymous_1)
FN:10,(anonymous_2)
FN:17,(anonymous_3)
FN:22,(anonymous_4)
FN:29,(anonymous_5)
FN:34,(anonymous_6)
FN:36,(anonymous_7)
FN:43,(anonymous_8)
FN:56,(anonymous_9)
FN:66,(anonymous_10)
FN:79,(anonymous_11)
FNF:12
FNH:12
FNDA:11,(anonymous_0)
FNDA:27,(anonymous_1)
FNDA:3,(anonymous_2)
FNDA:18,(anonymous_3)
FNDA:5,(anonymous_4)
FNDA:1,(anonymous_5)
FNDA:1,(anonymous_6)
FNDA:2,(anonymous_7)
FNDA:4,(anonymous_8)
FNDA:25,(anonymous_9)
FNDA:4,(anonymous_10)
FNDA:21,(anonymous_11)
DA:3,11
DA:7,27
DA:11,3
DA:12,1
DA:14,2
DA:18,18
DA:19,18
DA:23,5
DA:24,1
DA:26,4
DA:30,1
DA:31,1
DA:35,1
DA:36,1
DA:37,2
DA:39,1
DA:44,4
DA:45,2
DA:47,2
DA:48,2
DA:49,2
DA:50,13
DA:51,13
DA:52,1
DA:54,12
DA:55,12
DA:56,12
DA:57,25
DA:58,12
DA:63,1
DA:67,4
DA:68,2
DA:70,2
DA:71,2
DA:72,2
DA:73,11
DA:74,11
DA:75,1
DA:77,10
DA:78,10
DA:79,10
DA:80,21
DA:81,11
DA:86,1
LF:44
LH:44
BRDA:11,0,0,1
BRDA:11,0,1,2
BRDA:23,1,0,1
BRDA:23,1,1,4
BRDA:35,2,0,1
BRDA:35,2,1,0
BRDA:44,3,0,2
BRDA:44,3,1,2
BRDA:44,4,0,4
BRDA:44,4,1,3
BRDA:51,5,0,1
BRDA:51,5,1,12
BRDA:57,6,0,12
BRDA:57,6,1,13
BRDA:67,7,0,2
BRDA:67,7,1,2
BRDA:67,8,0,4
BRDA:67,8,1,3
BRDA:74,9,0,1
BRDA:74,9,1,10
BRDA:80,10,0,11
BRDA:80,10,1,10
BRF:22
BRH:21
end_of_record
