TN:
SF:/Users/brianca/Desktop/Computer_Science/src/bst-node.js
FN:2,(anonymous_0)
FNF:1
FNH:1
FNDA:14,(anonymous_0)
DA:3,14
DA:4,14
DA:5,14
LF:3
LH:3
BRF:0
BRH:0
end_of_record
TN:
SF:/Users/brianca/Desktop/Computer_Science/src/bst.js
FN:2,(anonymous_0)
FN:6,(anonymous_1)
FNF:2
FNH:2
FNDA:7,(anonymous_0)
FNDA:13,(anonymous_1)
DA:3,7
DA:7,13
DA:8,6
DA:10,7
DA:11,7
DA:12,9
DA:13,4
DA:14,3
DA:15,3
DA:17,1
DA:19,5
DA:20,4
DA:21,3
DA:22,3
DA:24,1
DA:27,1
LF:16
LH:16
BRDA:7,0,0,6
BRDA:7,0,1,7
BRDA:12,1,0,4
BRDA:12,1,1,5
BRDA:13,2,0,3
BRDA:13,2,1,1
BRDA:19,3,0,4
BRDA:19,3,1,1
BRDA:20,4,0,3
BRDA:20,4,1,1
BRF:10
BRH:10
end_of_record
